<?xml version="1.0" encoding="UTF-8"?>
<testng-results ignored="0" total="1" passed="1" failed="0" skipped="0">
  <reporter-output>
  </reporter-output>
  <suite started-at="2024-07-02T18:03:53 GMT-06:00" name="Default suite" finished-at="2024-07-02T18:04:12 GMT-06:00" duration-ms="19647">
    <groups>
    </groups>
    <test started-at="2024-07-02T18:03:53 GMT-06:00" name="Default test" finished-at="2024-07-02T18:04:12 GMT-06:00" duration-ms="19647">
      <class name="com.automationexercise.PageTests.ContactUsPageTest">
        <test-method is-config="true" signature="setUpLogger()[pri:0, instance:com.automationexercise.PageTests.ContactUsPageTest@25641d39]" started-at="2024-07-02T18:03:53 GMT-06:00" name="setUpLogger" finished-at="2024-07-02T18:03:53 GMT-06:00" duration-ms="129" status="PASS">
          <reporter-output>
          </reporter-output>
        </test-method> <!-- setUpLogger -->
        <test-method is-config="true" signature="setup()[pri:0, instance:com.automationexercise.PageTests.ContactUsPageTest@25641d39]" started-at="2024-07-02T18:03:53 GMT-06:00" name="setup" finished-at="2024-07-02T18:04:03 GMT-06:00" duration-ms="10430" status="PASS">
          <reporter-output>
          </reporter-output>
        </test-method> <!-- setup -->
        <test-method signature="validateContactUsFunctionality()[pri:0, instance:com.automationexercise.PageTests.ContactUsPageTest@25641d39]" started-at="2024-07-02T18:04:03 GMT-06:00" name="validateContactUsFunctionality" finished-at="2024-07-02T18:04:12 GMT-06:00" duration-ms="9054" status="PASS">
          <reporter-output>
          </reporter-output>
        </test-method> <!-- validateContactUsFunctionality -->
      </class> <!-- com.automationexercise.PageTests.ContactUsPageTest -->
    </test> <!-- Default test -->
  </suite> <!-- Default suite -->
</testng-results>
