<?xml version="1.0" encoding="UTF-8"?>
<!-- Generated by org.testng.reporters.JUnitXMLReporter -->
<testsuite ignored="0" hostname="DESKTOP-S1B90LE" failures="0" tests="13" name="Test" time="280.407" errors="0" timestamp="2024-07-01T14:25:06 MDT">
  <testcase classname="com.automationexercise.PageTests.SignupLoginPageTest" name="validateInvalidLoginFunctionality" time="3.855"/>
  <testcase classname="com.automationexercise.PageTests.SignupLoginPageTest" name="validateLogoutFunctionality" time="8.417"/>
  <testcase classname="com.automationexercise.PageTests.SignupLoginPageTest" name="validateSignupWithExisitngEmailFunctionality" time="3.402"/>
  <testcase classname="com.automationexercise.PageTests.SignupLoginPageTest" name="validateSubscriptionFunctionality" time="0.338"/>
  <testcase classname="com.automationexercise.PageTests.AccountCreatedPageTest" name="validateAccountCreationFunctionality" time="7.471"/>
  <testcase classname="com.automationexercise.PageTests.AutomationExercisePageTest" name="validateValidLoginFunctionality" time="3.146"/>
  <testcase classname="com.automationexercise.PageTests.AutomationExercisePageTest" name="validateValidLoginFunctionality" time="3.478"/>
  <testcase classname="com.automationexercise.PageTests.AutomationExercisePageTest" name="validateValidLoginFunctionality" time="2.774"/>
  <testcase classname="com.automationexercise.PageTests.AutomationExercisePageTest" name="validateAddToCartFunctionality" time="4.653"/>
  <testcase classname="com.automationexercise.PageTests.AutomationExercisePageTest" name="validatePlaceOrderFunctionality" time="21.342"/>
  <testcase classname="com.automationexercise.PageTests.CheckoutPageTest" name="validateRemoveItemFromCheckout" time="15.646"/>
  <testcase classname="com.automationexercise.PageTests.ContactUsPageTest" name="validateContactUsFunctionality" time="128.527">
    <skipped/>
  </testcase> <!-- validateContactUsFunctionality -->
  <testcase classname="com.automationexercise.PageTests.ContactUsPageTest" name="validateContactUsFunctionality" time="6.23"/>
</testsuite> <!-- Test -->
